Determining if the pthread_create exist failed with the following output:
Change Dir: /home/fizzer/Documents/ML_Robot_Competition_ENPH353/353_ws/build/CMakeFiles/CMakeTmp

Run Build Command:"/usr/bin/make" "cmTC_006cf/fast"
/usr/bin/make -f CMakeFiles/cmTC_006cf.dir/build.make CMakeFiles/cmTC_006cf.dir/build
make[1]: Entering directory '/home/fizzer/Documents/ML_Robot_Competition_ENPH353/353_ws/build/CMakeFiles/CMakeTmp'
Building C object CMakeFiles/cmTC_006cf.dir/CheckSymbolExists.c.o
/usr/bin/cc    -o CMakeFiles/cmTC_006cf.dir/CheckSymbolExists.c.o   -c /home/fizzer/Documents/ML_Robot_Competition_ENPH353/353_ws/build/CMakeFiles/CMakeTmp/CheckSymbolExists.c
Linking C executable cmTC_006cf
/usr/bin/cmake -E cmake_link_script CMakeFiles/cmTC_006cf.dir/link.txt --verbose=1
/usr/bin/cc      -rdynamic CMakeFiles/cmTC_006cf.dir/CheckSymbolExists.c.o  -o cmTC_006cf 
CMakeFiles/cmTC_006cf.dir/CheckSymbolExists.c.o: In function `main':
CheckSymbolExists.c:(.text+0x1b): undefined reference to `pthread_create'
collect2: error: ld returned 1 exit status
CMakeFiles/cmTC_006cf.dir/build.make:97: recipe for target 'cmTC_006cf' failed
make[1]: *** [cmTC_006cf] Error 1
make[1]: Leaving directory '/home/fizzer/Documents/ML_Robot_Competition_ENPH353/353_ws/build/CMakeFiles/CMakeTmp'
Makefile:126: recipe for target 'cmTC_006cf/fast' failed
make: *** [cmTC_006cf/fast] Error 2

File /home/fizzer/Documents/ML_Robot_Competition_ENPH353/353_ws/build/CMakeFiles/CMakeTmp/CheckSymbolExists.c:
/* */
#include <pthread.h>

int main(int argc, char** argv)
{
  (void)argv;
#ifndef pthread_create
  return ((int*)(&pthread_create))[argc];
#else
  (void)argc;
  return 0;
#endif
}

Determining if the function pthread_create exists in the pthreads failed with the following output:
Change Dir: /home/fizzer/Documents/ML_Robot_Competition_ENPH353/353_ws/build/CMakeFiles/CMakeTmp

Run Build Command:"/usr/bin/make" "cmTC_c5bef/fast"
/usr/bin/make -f CMakeFiles/cmTC_c5bef.dir/build.make CMakeFiles/cmTC_c5bef.dir/build
make[1]: Entering directory '/home/fizzer/Documents/ML_Robot_Competition_ENPH353/353_ws/build/CMakeFiles/CMakeTmp'
Building C object CMakeFiles/cmTC_c5bef.dir/CheckFunctionExists.c.o
/usr/bin/cc   -DCHECK_FUNCTION_EXISTS=pthread_create   -o CMakeFiles/cmTC_c5bef.dir/CheckFunctionExists.c.o   -c /usr/share/cmake-3.10/Modules/CheckFunctionExists.c
Linking C executable cmTC_c5bef
/usr/bin/cmake -E cmake_link_script CMakeFiles/cmTC_c5bef.dir/link.txt --verbose=1
/usr/bin/cc  -DCHECK_FUNCTION_EXISTS=pthread_create    -rdynamic CMakeFiles/cmTC_c5bef.dir/CheckFunctionExists.c.o  -o cmTC_c5bef -lpthreads 
/usr/bin/ld: cannot find -lpthreads
collect2: error: ld returned 1 exit status
CMakeFiles/cmTC_c5bef.dir/build.make:97: recipe for target 'cmTC_c5bef' failed
make[1]: *** [cmTC_c5bef] Error 1
make[1]: Leaving directory '/home/fizzer/Documents/ML_Robot_Competition_ENPH353/353_ws/build/CMakeFiles/CMakeTmp'
Makefile:126: recipe for target 'cmTC_c5bef/fast' failed
make: *** [cmTC_c5bef/fast] Error 2


